2025-02-13 18:17:48,017 - INFO -  running all the scrapers...
2025-02-13 18:17:48,017 - INFO - Starting Finance Accounts scraping
2025-02-13 18:17:58,960 - INFO -  Extracted Finance Report for 2023-2024: https://cga.nic.in/FinanceReport/Published/2023-2024.aspx
2025-02-13 18:17:58,962 - INFO -   visiting https://cga.nic.in/FinanceReport/Published/2023-2024.aspx to extract links
2025-02-13 18:18:11,688 - INFO - Final data saved to finance_data.json
2025-02-13 18:18:11,689 - INFO - Starting appropriation Accounts scraping...
2025-02-13 18:18:22,382 - INFO - Extracted appropriation data for 2023-2024: https://cga.nic.in/AppropriateReport/Published/2023-2024.aspx
2025-02-13 18:18:22,382 - INFO -   visiting https://cga.nic.in/AppropriateReport/Published/2023-2024.aspx to extract links
2025-02-13 18:18:41,492 - INFO - Extracted appropriation data for 2022-2023: https://cga.nic.in/AppropriateReport/Published/2022-2023.aspx
2025-02-13 18:18:41,492 - INFO -   visiting https://cga.nic.in/AppropriateReport/Published/2022-2023.aspx to extract links
2025-02-13 18:18:56,495 - INFO -  Final data saved to appropriation_data.json
2025-02-13 18:18:56,496 - INFO - starting Accounts at a Glance scraping...
2025-02-13 18:19:08,695 - INFO -  Extracted Accounts at a Glance Report for 2022-2023: https://cga.nic.in/GlanceReport/Published/2022-2023.aspx
2025-02-13 18:19:22,732 - INFO -  Extracted Accounts at a Glance Report for 2021-2022: https://cga.nic.in/GlanceReport/Published/2021-2022.aspx
2025-02-13 18:19:29,963 - INFO -  Final data saved to account_at_glance.json
2025-02-13 18:19:29,963 - INFO - Starting gfsm Accounts scraping
2025-02-13 18:19:37,537 - INFO -  Scraping GFSM Data for ['2024-2025']...
2025-02-13 18:19:48,470 - WARNING -  No data for 2024-2025 - Yearly. Skipping...
2025-02-13 18:19:48,654 - WARNING - Retrying (Retry(total=2, connect=None, read=None, redirect=None, status=None)) after connection broken by 'NewConnectionError('<urllib3.connection.HTTPConnection object at 0x104d28490>: Failed to establish a new connection: [Errno 61] Connection refused')': /session/a68abb0950c96af4c4a7eadfc83f44cd
2025-02-13 18:19:48,656 - WARNING - Retrying (Retry(total=1, connect=None, read=None, redirect=None, status=None)) after connection broken by 'NewConnectionError('<urllib3.connection.HTTPConnection object at 0x104d29250>: Failed to establish a new connection: [Errno 61] Connection refused')': /session/a68abb0950c96af4c4a7eadfc83f44cd
2025-02-13 18:19:48,657 - WARNING - Retrying (Retry(total=0, connect=None, read=None, redirect=None, status=None)) after connection broken by 'NewConnectionError('<urllib3.connection.HTTPConnection object at 0x104d296d0>: Failed to establish a new connection: [Errno 61] Connection refused')': /session/a68abb0950c96af4c4a7eadfc83f44cd
2025-02-13 18:19:59,812 - WARNING -  No data for 2024-2025 - Quarter4. Skipping...
2025-02-13 18:19:59,928 - WARNING - Retrying (Retry(total=2, connect=None, read=None, redirect=None, status=None)) after connection broken by 'NewConnectionError('<urllib3.connection.HTTPConnection object at 0x104d59010>: Failed to establish a new connection: [Errno 61] Connection refused')': /session/31fa4835174eb718b77dfb9a5eadaa26
2025-02-13 18:19:59,930 - WARNING - Retrying (Retry(total=1, connect=None, read=None, redirect=None, status=None)) after connection broken by 'NewConnectionError('<urllib3.connection.HTTPConnection object at 0x104d59790>: Failed to establish a new connection: [Errno 61] Connection refused')': /session/31fa4835174eb718b77dfb9a5eadaa26
2025-02-13 18:19:59,934 - WARNING - Retrying (Retry(total=0, connect=None, read=None, redirect=None, status=None)) after connection broken by 'NewConnectionError('<urllib3.connection.HTTPConnection object at 0x104d5a410>: Failed to establish a new connection: [Errno 61] Connection refused')': /session/31fa4835174eb718b77dfb9a5eadaa26
2025-02-13 18:20:09,364 - WARNING -  No data for 2024-2025 - Quarter3. Skipping...
2025-02-13 18:20:09,477 - WARNING - Retrying (Retry(total=2, connect=None, read=None, redirect=None, status=None)) after connection broken by 'NewConnectionError('<urllib3.connection.HTTPConnection object at 0x104d28110>: Failed to establish a new connection: [Errno 61] Connection refused')': /session/16c0eca434216421fa73a2e5a2484a0f
2025-02-13 18:20:09,478 - WARNING - Retrying (Retry(total=1, connect=None, read=None, redirect=None, status=None)) after connection broken by 'NewConnectionError('<urllib3.connection.HTTPConnection object at 0x104d1b090>: Failed to establish a new connection: [Errno 61] Connection refused')': /session/16c0eca434216421fa73a2e5a2484a0f
2025-02-13 18:20:09,479 - WARNING - Retrying (Retry(total=0, connect=None, read=None, redirect=None, status=None)) after connection broken by 'NewConnectionError('<urllib3.connection.HTTPConnection object at 0x104d1a650>: Failed to establish a new connection: [Errno 61] Connection refused')': /session/16c0eca434216421fa73a2e5a2484a0f
2025-02-13 18:20:20,828 - INFO -  Extracted URL for 2024-2025 - Quarter2: https://cga.nic.in/GFSMReport/Published/Quarter2/2024-2025.aspx
2025-02-13 18:20:20,828 - INFO -  extracting GFSM links from https://cga.nic.in/GFSMReport/Published/Quarter2/2024-2025.aspx ...
2025-02-13 18:20:40,338 - INFO -  Extracted URL for 2024-2025 - Quarter1: https://cga.nic.in/GFSMReport/Published/Quarter1/2024-2025.aspx
2025-02-13 18:20:40,339 - INFO -  extracting GFSM links from https://cga.nic.in/GFSMReport/Published/Quarter1/2024-2025.aspx ...
2025-02-13 18:20:46,641 - INFO -  Scraping completed. Data saved in gfsm_data.json
2025-02-13 18:20:46,641 - INFO - Starting monthly Accounts scraping
2025-02-13 18:21:02,923 - WARNING - No data available for January 2024-2025. Skipping...
2025-02-13 18:21:11,673 - WARNING - No data available for February 2024-2025. Skipping...
2025-02-13 18:21:21,439 - WARNING - No data available for March 2024-2025. Skipping...
2025-02-13 18:21:33,028 - INFO - Extracted URL for April 2024-2025: https://cga.nic.in/MonthlyReport/Published/4/2024-2025.aspx
2025-02-13 18:21:33,028 - INFO - Visiting https://cga.nic.in/MonthlyReport/Published/4/2024-2025.aspx to extract links...
2025-02-13 18:21:51,731 - INFO - Extracted URL for May 2024-2025: https://cga.nic.in/MonthlyReport/Published/5/2024-2025.aspx
2025-02-13 18:21:51,731 - INFO - Visiting https://cga.nic.in/MonthlyReport/Published/5/2024-2025.aspx to extract links...
2025-02-13 18:21:59,837 - INFO - Scraping completed. Data saved in monthly_data.json
2025-02-13 18:21:59,881 - INFO -  Scraping is completed and sata saved in all_reports.json
